<?xml version="1.0" encoding="UTF-8"?>
<testsuite name="com.capitalone.dashboard.collector.DefaultBambooClientTests" time="0" tests="8" errors="0" skipped="0" failures="0">
  <properties>
    <property name="PROCESSOR_ARCHITECTURE" value="AMD64"/>
    <property name="file.encoding.pkg" value="sun.io"/>
    <property name="LOGONSERVER" value="\\HYDPCMGDC01"/>
    <property name="ProgramData" value="C:\ProgramData"/>
    <property name="java.home" value="C:\Program Files\Java\jdk1.8.0_60\jre"/>
    <property name="TITLE" value="Jenkins-Tomcat"/>
    <property name="NODE_NAME" value="master"/>
    <property name="JENKINS_URL" value="http://localhost:2222/jenkins/"/>
    <property name="CATALINA_HOME" value="C:\Users\nitisha.paresay\Java\Servers\Tomcat-7.0.62-Jenkins"/>
    <property name="ALLUSERSPROFILE" value="C:\ProgramData"/>
    <property name="java.endorsed.dirs" value="C:\Program Files\Java\jdk1.8.0_60\jre\lib\endorsed"/>
    <property name="PSModulePath" value="C:\windows\system32\WindowsPowerShell\v1.0\Modules\"/>
    <property name="=::" value="::\"/>
    <property name="SNC_LIB_64" value="C:\Program Files\SAP\FrontEnd\SecureLogin\lib\sapcrypto.dll"/>
    <property name="USERDOMAIN" value="ITLINFOSYS"/>
    <property name="sun.os.patch.level" value="Service Pack 1"/>
    <property name="java.vendor.url" value="http://java.oracle.com/"/>
    <property name="JAVA_OPTS" value=" -Djava.util.logging.config.file=&quot;C:\Users\nitisha.paresay\Java\Servers\Tomcat-7.0.62-Jenkins\conf\logging.properties&quot; -Djava.util.logging.manager=org.apache.juli.ClassLoaderLogManager"/>
    <property name="CommonProgramFiles(x86)" value="C:\Program Files (x86)\Common Files"/>
    <property name="java.version" value="1.8.0_60"/>
    <property name="JOB_NAME" value="project1"/>
    <property name="COMPUTERNAME" value="HYDPCM305799D"/>
    <property name="windows_tracing_logfile" value="C:\BVTBin\Tests\installpackage\csilogfile.log"/>
    <property name="EXECUTABLE" value="C:\Users\nitisha.paresay\Java\Servers\Tomcat-7.0.62-Jenkins\bin\catalina.bat"/>
    <property name="java.vendor.url.bug" value="http://bugreport.sun.com/bugreport/"/>
    <property name="SNC_LIB" value="C:\Program Files (x86)\SAP\FrontEnd\SecureLogin\lib\sapcrypto.dll"/>
    <property name="PUBLIC" value="C:\Users\Public"/>
    <property name="user.name" value="nitisha.paresay"/>
    <property name="sun.io.unicode.encoding" value="UnicodeLittle"/>
    <property name="sun.jnu.encoding" value="Cp1252"/>
    <property name="java.runtime.name" value="Java(TM) SE Runtime Environment"/>
    <property name="windir" value="C:\windows"/>
    <property name="PROCESSOR_IDENTIFIER" value="AMD64 Family 16 Model 6 Stepping 3, AuthenticAMD"/>
    <property name="java.specification.name" value="Java Platform API Specification"/>
    <property name="LOCALAPPDATA" value="C:\Users\nitisha.paresay\AppData\Local"/>
    <property name="user.timezone" value="Asia/Calcutta"/>
    <property name="user.script" value=""/>
    <property name="path.separator" value=";"/>
    <property name="NUMBER_OF_PROCESSORS" value="2"/>
    <property name="BUILD_TAG" value="jenkins-project1-5"/>
    <property name="windows_tracing_flags" value="3"/>
    <property name="file.encoding" value="Cp1252"/>
    <property name="sun.java.command" value="jenkins.maven3.agent.Maven31Main C:\Users\nitisha.paresay\maven\apache-maven-3.3.9-bin\apache-maven-3.3.9 C:\Users\nitisha.paresay\Java\Servers\Tomcat-7.0.62-Jenkins\webapps\jenkins\WEB-INF\lib\remoting-2.52.jar C:\Users\nitisha.paresay\Java\Jenkins_Home\plugins\maven-plugin\WEB-INF\lib\maven31-interceptor-1.5.jar C:\Users\nitisha.paresay\Java\Jenkins_Home\plugins\maven-plugin\WEB-INF\lib\maven3-interceptor-commons-1.5.jar 59194"/>
    <property name="HUDSON_URL" value="http://localhost:2222/jenkins/"/>
    <property name="JENKINS_SERVER_COOKIE" value="44cbcbb239aba755"/>
    <property name="EXECUTOR_NUMBER" value="0"/>
    <property name="Path" value="C:\Program Files\Java\jdk1.8.0_60/bin;C:\ProgramData\Oracle\Java\javapath;C:\windows\system32;C:\windows;C:\windows\System32\Wbem;C:\windows\System32\WindowsPowerShell\v1.0\;C:\Users\nitisha.paresay\maven\apache-maven-3.3.9-bin\apache-maven-3.3.9\bin"/>
    <property name="GIT_COMMIT" value="516902c1a4cba9822e732a993dec9f5ceef36fc7"/>
    <property name="java.io.tmpdir" value="C:\Users\nitisha.paresay\AppData\Local\Temp\"/>
    <property name="APPDATA" value="C:\Users\nitisha.paresay\AppData\Roaming"/>
    <property name="user.language" value="en"/>
    <property name="CATALINA_TMPDIR" value="C:\Users\nitisha.paresay\Java\Servers\Tomcat-7.0.62-Jenkins\temp"/>
    <property name="line.separator" value="&#10;"/>
    <property name="BUILD_URL" value="http://localhost:2222/jenkins/job/project1/5/"/>
    <property name="JAVA_ENDORSED_DIRS" value="C:\Users\nitisha.paresay\Java\Servers\Tomcat-7.0.62-Jenkins\endorsed"/>
    <property name="ACTION" value="start"/>
    <property name="M2_HOME" value="C:\Users\nitisha.paresay\maven\apache-maven-3.3.9-bin\apache-maven-3.3.9"/>
    <property name="=C:" value="C:\Users\nitisha.paresay\Java\Servers\Tomcat-7.0.62-Jenkins\bin"/>
    <property name="java.vm.info" value="mixed mode"/>
    <property name="sun.desktop" value="windows"/>
    <property name="java.vm.specification.name" value="Java Virtual Machine Specification"/>
    <property name="BUILD_DISPLAY_NAME" value="#5"/>
    <property name="OS" value="Windows_NT"/>
    <property name="guice.disable.misplaced.annotation.check" value="true"/>
    <property name="CATALINA_BASE" value="C:\Users\nitisha.paresay\Java\Servers\Tomcat-7.0.62-Jenkins"/>
    <property name="HUDSON_SERVER_COOKIE" value="44cbcbb239aba755"/>
    <property name="JRE_HOME" value="C:\Program Files\Java\jdk1.8.0_60"/>
    <property name="_EXECJAVA" value="start &quot;Jenkins-Tomcat&quot; &quot;C:\Program Files\Java\jdk1.8.0_60\bin\java.exe&quot;"/>
    <property name="_RUNJAVA" value="&quot;C:\Program Files\Java\jdk1.8.0_60\bin\java.exe&quot;"/>
    <property name="MAVEN_HOME" value="C:\Users\nitisha.paresay\maven\apache-maven-3.3.9-bin\apache-maven-3.3.9"/>
    <property name="SESSIONNAME" value="Console"/>
    <property name="PATHEXT" value=".COM;.EXE;.BAT;.CMD;.VBS;.VBE;.JS;.JSE;.WSF;.WSH;.MSC"/>
    <property name="java.awt.printerjob" value="sun.awt.windows.WPrinterJob"/>
    <property name="maven3.interceptor.common" value="C:\Users\nitisha.paresay\Java\Jenkins_Home\plugins\maven-plugin\WEB-INF\lib\maven3-interceptor-commons-1.5.jar"/>
    <property name="CLASSPATH" value=""/>
    <property name="LOGGING_CONFIG" value="-Djava.util.logging.config.file=&quot;C:\Users\nitisha.paresay\Java\Servers\Tomcat-7.0.62-Jenkins\conf\logging.properties&quot;"/>
    <property name="HOMEPATH" value="\Users\nitisha.paresay"/>
    <property name="os.name" value="Windows 7"/>
    <property name="java.specification.vendor" value="Oracle Corporation"/>
    <property name="FP_NO_HOST_CHECK" value="NO"/>
    <property name="java.vm.name" value="Java HotSpot(TM) 64-Bit Server VM"/>
    <property name="BUILD_NUMBER" value="5"/>
    <property name="maven3.interceptor" value="C:\Users\nitisha.paresay\Java\Jenkins_Home\plugins\maven-plugin\WEB-INF\lib\maven31-interceptor-1.5.jar"/>
    <property name="java.library.path" value="C:\Program Files\Java\jdk1.8.0_60\bin;C:\windows\Sun\Java\bin;C:\windows\system32;C:\windows;C:\Users\nitisha.paresay\maven\apache-maven-3.3.9-bin\apache-maven-3.3.9/bin;C:\Program Files\Java\jdk1.8.0_60/bin;C:\Program Files\Java\jdk1.8.0_60/bin;C:\ProgramData\Oracle\Java\javapath;C:\windows\system32;C:\windows;C:\windows\System32\Wbem;C:\windows\System32\WindowsPowerShell\v1.0\;C:\Users\nitisha.paresay\maven\apache-maven-3.3.9-bin\apache-maven-3.3.9\bin;."/>
    <property name="HOMEDRIVE" value="C:"/>
    <property name="POM_GROUPID" value="com.capitalone.dashboard"/>
    <property name="POM_ARTIFACTID" value="Hygieia"/>
    <property name="java.class.version" value="52.0"/>
    <property name="LOGGING_MANAGER" value="-Djava.util.logging.manager=org.apache.juli.ClassLoaderLogManager"/>
    <property name="_RUNJDB" value="&quot;C:\Program Files\Java\jdk1.8.0_60\bin\jdb.exe&quot;"/>
    <property name="JOB_URL" value="http://localhost:2222/jenkins/job/project1/"/>
    <property name="GIT_PREVIOUS_COMMIT" value="516902c1a4cba9822e732a993dec9f5ceef36fc7"/>
    <property name="GIT_BRANCH" value="origin/master"/>
    <property name="SSF_LIBRARY_PATH" value="C:\Program Files (x86)\SAP\FrontEnd\SecureLogin\lib\sapcrypto.dll"/>
    <property name="MAINCLASS" value="org.apache.catalina.startup.Bootstrap"/>
    <property name="JENKINS_HOME" value="C:\Users\nitisha.paresay\Java\Jenkins_Home"/>
    <property name="BUILD_ID" value="5"/>
    <property name="TEMP" value="C:\Users\nitisha.paresay\AppData\Local\Temp"/>
    <property name="sun.boot.library.path" value="C:\Program Files\Java\jdk1.8.0_60\jre\bin"/>
    <property name="M2" value="C:\Users\nitisha.paresay\maven\apache-maven-3.3.9-bin\apache-maven-3.3.9\bin"/>
    <property name="sun.management.compiler" value="HotSpot 64-Bit Tiered Compilers"/>
    <property name="java.awt.graphicsenv" value="sun.awt.Win32GraphicsEnvironment"/>
    <property name="user.variant" value=""/>
    <property name="PROCESSOR_REVISION" value="0603"/>
    <property name="POM_VERSION" value="2.0.4-SNAPSHOT"/>
    <property name="HUDSON_HOME" value="C:\Users\nitisha.paresay\Java\Jenkins_Home"/>
    <property name="GIT_PREVIOUS_SUCCESSFUL_COMMIT" value="516902c1a4cba9822e732a993dec9f5ceef36fc7"/>
    <property name="ProgramFiles(x86)" value="C:\Program Files (x86)"/>
    <property name="PATH+MAVEN" value="C:\Users\nitisha.paresay\maven\apache-maven-3.3.9-bin\apache-maven-3.3.9/bin"/>
    <property name="USERDOMAIN_ROAMINGPROFILE" value="ITLINFOSYS"/>
    <property name="PROMPT" value="$P$G"/>
    <property name="CURRENT_DIR" value="C:\Users\nitisha.paresay\Java\Servers\Tomcat-7.0.62-Jenkins\bin"/>
    <property name="java.vm.specification.version" value="1.8"/>
    <property name="JAVA_HOME" value="C:\Program Files\Java\jdk1.8.0_60"/>
    <property name="awt.toolkit" value="sun.awt.windows.WToolkit"/>
    <property name="NODE_LABELS" value="master"/>
    <property name="sun.cpu.isalist" value="amd64"/>
    <property name="USERPROFILE" value="C:\Users\nitisha.paresay"/>
    <property name="java.ext.dirs" value="C:\Program Files\Java\jdk1.8.0_60\jre\lib\ext;C:\windows\Sun\Java\lib\ext"/>
    <property name="os.version" value="6.1"/>
    <property name="user.home" value="C:\Users\nitisha.paresay"/>
    <property name="USERNAME" value="nitisha.paresay"/>
    <property name="java.vm.vendor" value="Oracle Corporation"/>
    <property name="PROCESSOR_LEVEL" value="16"/>
    <property name="USERDNSDOMAIN" value="AD.INFOSYS.COM"/>
    <property name="CommonProgramW6432" value="C:\Program Files\Common Files"/>
    <property name="user.dir" value="D:\Hygieia-master\collectors\build\bamboo"/>
    <property name="ProgramW6432" value="C:\Program Files"/>
    <property name="TMP" value="C:\Users\nitisha.paresay\AppData\Local\Temp"/>
    <property name="UATDATA" value="C:\windows\CCM\UATData\D9F8C395-CAB8-491d-B8AC-179A1FE1BE77"/>
    <property name="SSF_LIBRARY_PATH_64" value="C:\Program Files\SAP\FrontEnd\SecureLogin\lib\sapcrypto.dll"/>
    <property name="sun.cpu.endian" value="little"/>
    <property name="SystemDrive" value="C:"/>
    <property name="java.vm.version" value="25.60-b23"/>
    <property name="java.class.path" value="C:\Users\nitisha.paresay\Java\Jenkins_Home\plugins\maven-plugin\WEB-INF\lib\maven31-agent-1.5.jar;C:\Users\nitisha.paresay\maven\apache-maven-3.3.9-bin\apache-maven-3.3.9\boot\plexus-classworlds-2.5.2.jar;C:\Users\nitisha.paresay\maven\apache-maven-3.3.9-bin\apache-maven-3.3.9/conf/logging"/>
    <property name="org.slf4j.simpleLogger.defaultLogLevel" value="info"/>
    <property name="MAVEN_OPTS" value="-Xms256m -Xmx512m"/>
    <property name="os.arch" value="amd64"/>
    <property name="WORKSPACE" value="C:\Users\nitisha.paresay\Java\Jenkins_Home\jobs\project1\workspace"/>
    <property name="ComSpec" value="C:\windows\system32\cmd.exe"/>
    <property name="sun.java.launcher" value="SUN_STANDARD"/>
    <property name="SystemRoot" value="C:\windows"/>
    <property name="CommonProgramFiles" value="C:\Program Files\Common Files"/>
    <property name="java.vm.specification.vendor" value="Oracle Corporation"/>
    <property name="file.separator" value="\"/>
    <property name="java.runtime.version" value="1.8.0_60-b27"/>
    <property name="sun.boot.class.path" value="C:\Program Files\Java\jdk1.8.0_60\jre\lib\resources.jar;C:\Program Files\Java\jdk1.8.0_60\jre\lib\rt.jar;C:\Program Files\Java\jdk1.8.0_60\jre\lib\sunrsasign.jar;C:\Program Files\Java\jdk1.8.0_60\jre\lib\jsse.jar;C:\Program Files\Java\jdk1.8.0_60\jre\lib\jce.jar;C:\Program Files\Java\jdk1.8.0_60\jre\lib\charsets.jar;C:\Program Files\Java\jdk1.8.0_60\jre\lib\jfr.jar;C:\Program Files\Java\jdk1.8.0_60\jre\classes"/>
    <property name="ProgramFiles" value="C:\Program Files"/>
    <property name="PATH+JDK" value="C:\Program Files\Java\jdk1.8.0_60/bin"/>
    <property name="user.country" value="US"/>
    <property name="POM_PACKAGING" value="pom"/>
    <property name="maven.home" value="C:\Users\nitisha.paresay\maven\apache-maven-3.3.9-bin\apache-maven-3.3.9"/>
    <property name="java.vendor" value="Oracle Corporation"/>
    <property name="POM_DISPLAYNAME" value="com.capitalone.dashboard:Hygieia"/>
    <property name="java.specification.version" value="1.8"/>
    <property name="sun.arch.data.model" value="64"/>
    <property name="GIT_URL" value="https://github.com/NitishaP/GitRepo"/>
  </properties>
  <testcase name="joinURLsTest" classname="com.capitalone.dashboard.collector.DefaultBambooClientTests" time="0"/>
  <testcase name="buildDetails_full" classname="com.capitalone.dashboard.collector.DefaultBambooClientTests" time="0"/>
  <testcase name="verifyBasicAuth" classname="com.capitalone.dashboard.collector.DefaultBambooClientTests" time="0"/>
  <testcase name="verifyAuthCredentials" classname="com.capitalone.dashboard.collector.DefaultBambooClientTests" time="0"/>
  <testcase name="rebuildURLTest" classname="com.capitalone.dashboard.collector.DefaultBambooClientTests" time="0"/>
  <testcase name="verifyAuthCredentialsBySettings" classname="com.capitalone.dashboard.collector.DefaultBambooClientTests" time="0"/>
  <testcase name="instanceJobs_emptyResponse_returnsEmptyMap" classname="com.capitalone.dashboard.collector.DefaultBambooClientTests" time="0"/>
  <testcase name="verifyGetLogUrl" classname="com.capitalone.dashboard.collector.DefaultBambooClientTests" time="0"/>
</testsuite>